<?xml version="1.0" encoding="UTF-8"?>
<testng-results ignored="0" total="1" passed="1" failed="0" skipped="0">
  <reporter-output>
  </reporter-output>
  <suite started-at="2023-07-01T03:32:11 CDT" name="Default suite" finished-at="2023-07-01T03:32:11 CDT" duration-ms="47">
    <groups>
    </groups>
    <test started-at="2023-07-01T03:32:11 CDT" name="Default test" finished-at="2023-07-01T03:32:11 CDT" duration-ms="47">
      <class name="Java.PracticeHashmap">
        <test-method signature="Hashmap()[pri:0, instance:Java.PracticeHashmap@6c779568]" started-at="2023-07-01T03:32:11 CDT" name="Hashmap" finished-at="2023-07-01T03:32:11 CDT" duration-ms="8" status="PASS">
          <reporter-output>
          </reporter-output>
        </test-method> <!-- Hashmap -->
      </class> <!-- Java.PracticeHashmap -->
    </test> <!-- Default test -->
  </suite> <!-- Default suite -->
</testng-results>
